<?xml version="1.0" encoding="UTF-8"?>
<testng-results skipped="0" failed="0" total="1" passed="1">
  <reporter-output>
  </reporter-output>
  <suite name="Default suite" duration-ms="75" started-at="2018-03-27T12:05:11Z" finished-at="2018-03-27T12:05:11Z">
    <groups>
    </groups>
    <test name="Default test" duration-ms="75" started-at="2018-03-27T12:05:11Z" finished-at="2018-03-27T12:05:11Z">
      <class name="company.sameer.fbTests.Log4jTest">
        <test-method status="PASS" signature="a()" name="a" duration-ms="37" started-at="2018-03-27T12:05:11Z" finished-at="2018-03-27T12:05:11Z">
        </test-method>
      </class>
    </test>
  </suite>
</testng-results>
